<?xml version="1.0" encoding="UTF-8"?>
<testng-results skipped="0" failed="0" total="1" passed="1">
  <reporter-output>
  </reporter-output>
  <suite name="Default suite" duration-ms="69610" started-at="2019-10-30T16:02:09Z" finished-at="2019-10-30T16:03:18Z">
    <groups>
      <group name="cucumber">
        <method signature="AbstractTestNGCucumberTests.feature(cucumber.api.testng.CucumberFeatureWrapper)[pri:0, instance:com.runnerclass.TestRunnerClass@21213b92]" name="feature" class="cucumber.api.testng.AbstractTestNGCucumberTests"/>
      </group> <!-- cucumber -->
    </groups>
    <test name="Default test" duration-ms="69610" started-at="2019-10-30T16:02:09Z" finished-at="2019-10-30T16:03:18Z">
      <class name="com.runnerclass.TestRunnerClass">
        <test-method status="PASS" signature="setUpClass()[pri:0, instance:com.runnerclass.TestRunnerClass@21213b92]" name="setUpClass" is-config="true" duration-ms="507" started-at="2019-10-30T21:32:09Z" finished-at="2019-10-30T21:32:09Z">
          <reporter-output>
          </reporter-output>
        </test-method> <!-- setUpClass -->
        <test-method status="PASS" signature="feature(cucumber.api.testng.CucumberFeatureWrapper)[pri:0, instance:com.runnerclass.TestRunnerClass@21213b92]" name="feature" duration-ms="68867" started-at="2019-10-30T21:32:09Z" description="Runs Cucumber Feature" data-provider="features" finished-at="2019-10-30T21:33:18Z">
          <params>
            <param index="0">
              <value>
                <![CDATA[Ability to create a new record for community registration]]>
              </value>
            </param>
          </params>
          <reporter-output>
          </reporter-output>
        </test-method> <!-- feature -->
        <test-method status="PASS" signature="tearDownClass()[pri:0, instance:com.runnerclass.TestRunnerClass@21213b92]" name="tearDownClass" is-config="true" duration-ms="109" started-at="2019-10-30T21:33:18Z" finished-at="2019-10-30T21:33:18Z">
          <reporter-output>
          </reporter-output>
        </test-method> <!-- tearDownClass -->
      </class> <!-- com.runnerclass.TestRunnerClass -->
    </test> <!-- Default test -->
  </suite> <!-- Default suite -->
</testng-results>
